Arguments: 
  /Users/allen/.nvm/versions/node/v15.3.0/bin/node /usr/local/Cellar/yarn/1.22.10/libexec/bin/yarn.js add -D ts-node

PATH: 
  /Users/allen/.nvm/versions/node/v15.3.0/bin:/usr/local/bin:/usr/bin:/bin:/usr/sbin:/sbin:/Applications/VMware Fusion.app/Contents/Public:/opt/X11/bin:/Applications/Postgres.app/Contents/Versions/latest/bin:/Users/allen/.nvm/versions/node/v15.3.0/bin:/Users/allen/Library/Android/sdk/emulator:/Users/allen/Library/Android/sdk/tools:/Users/allen/Library/Android/sdk/tools/bin:/Users/allen/Library/Android/sdk/platform-tools:/Users/allen/Library/Android/sdk/emulator:/Users/allen/Library/Android/sdk/tools:/Users/allen/Library/Android/sdk/tools/bin:/Users/allen/Library/Android/sdk/platform-tools

Yarn version: 
  1.22.10

Node version: 
  15.3.0

Platform: 
  darwin x64

Trace: 
  SyntaxError: /Users/allen/Projects/fullstack-practice/package.json: Unexpected token { in JSON at position 225
      at JSON.parse (<anonymous>)
      at /usr/local/Cellar/yarn/1.22.10/libexec/lib/cli.js:1625:59
      at Generator.next (<anonymous>)
      at step (/usr/local/Cellar/yarn/1.22.10/libexec/lib/cli.js:310:30)
      at /usr/local/Cellar/yarn/1.22.10/libexec/lib/cli.js:321:13

npm manifest: 
  {
    "name": "fullstack-practice",
    "version": "1.0.0",
    "main": "index.js",
    "repository": "https://github.com/newKeating/Fullstack-Practice",
    "author": "Peter Kim <kroits09@gmail.com>",
    "license": "MIT",
    "scripts:" {
      "start": "ts-node src/index.ts"
    },
    "devDependencies": {
      "@types/node": "^14.14.10",
      "typescript": "^4.1.2"
    }
  }

yarn manifest: 
  No manifest

Lockfile: 
  # THIS IS AN AUTOGENERATED FILE. DO NOT EDIT THIS FILE DIRECTLY.
  # yarn lockfile v1
  
  
  "@types/node@^14.14.10":
    version "14.14.10"
    resolved "https://registry.yarnpkg.com/@types/node/-/node-14.14.10.tgz#5958a82e41863cfc71f2307b3748e3491ba03785"
    integrity sha512-J32dgx2hw8vXrSbu4ZlVhn1Nm3GbeCFNw2FWL8S5QKucHGY0cyNwjdQdO+KMBZ4wpmC7KhLCiNsdk1RFRIYUQQ==
  
  typescript@^4.1.2:
    version "4.1.2"
    resolved "https://registry.yarnpkg.com/typescript/-/typescript-4.1.2.tgz#6369ef22516fe5e10304aae5a5c4862db55380e9"
    integrity sha512-thGloWsGH3SOxv1SoY7QojKi0tc+8FnOmiarEGMbd/lar7QOEd3hvlx3Fp5y6FlDUGl9L+pd4n2e+oToGMmhRQ==
